[32m[Nest] 12204  - [39m03/17/2026, 1:18:53 PM [32m    LOG[39m [38;5;3m[NestFactory] [39m[32mStarting Nest application...[39m
[32m[Nest] 12204  - [39m03/17/2026, 1:18:56 PM [32m    LOG[39m [38;5;3m[InstanceLoader] [39m[32mHealthModule dependencies initialized[39m[38;5;3m +2991ms[39m
[32m[Nest] 12204  - [39m03/17/2026, 1:18:56 PM [32m    LOG[39m [38;5;3m[InstanceLoader] [39m[32mAppModule dependencies initialized[39m[38;5;3m +3ms[39m
[32m[Nest] 12204  - [39m03/17/2026, 1:18:56 PM [32m    LOG[39m [38;5;3m[RoutesResolver] [39m[32mHubsController {/hubs}:[39m[38;5;3m +73ms[39m
[32m[Nest] 12204  - [39m03/17/2026, 1:18:56 PM [32m    LOG[39m [38;5;3m[RouterExplorer] [39m[32mMapped {/hubs, GET} route[39m[38;5;3m +8ms[39m
[32m[Nest] 12204  - [39m03/17/2026, 1:18:56 PM [32m    LOG[39m [38;5;3m[RouterExplorer] [39m[32mMapped {/hubs/:id, GET} route[39m[38;5;3m +2ms[39m
[32m[Nest] 12204  - [39m03/17/2026, 1:18:56 PM [32m    LOG[39m [38;5;3m[RouterExplorer] [39m[32mMapped {/hubs, POST} route[39m[38;5;3m +1ms[39m
[32m[Nest] 12204  - [39m03/17/2026, 1:18:56 PM [32m    LOG[39m [38;5;3m[RouterExplorer] [39m[32mMapped {/hubs/:id, PATCH} route[39m[38;5;3m +1ms[39m
[32m[Nest] 12204  - [39m03/17/2026, 1:18:56 PM [32m    LOG[39m [38;5;3m[RoutesResolver] [39m[32mZonesController {/zones}:[39m[38;5;3m +1ms[39m
[32m[Nest] 12204  - [39m03/17/2026, 1:18:56 PM [32m    LOG[39m [38;5;3m[RouterExplorer] [39m[32mMapped {/zones, GET} route[39m[38;5;3m +1ms[39m
[32m[Nest] 12204  - [39m03/17/2026, 1:18:56 PM [32m    LOG[39m [38;5;3m[RouterExplorer] [39m[32mMapped {/zones/:id, GET} route[39m[38;5;3m +1ms[39m
[32m[Nest] 12204  - [39m03/17/2026, 1:18:56 PM [32m    LOG[39m [38;5;3m[RouterExplorer] [39m[32mMapped {/zones, POST} route[39m[38;5;3m +1ms[39m
[32m[Nest] 12204  - [39m03/17/2026, 1:18:56 PM [32m    LOG[39m [38;5;3m[RouterExplorer] [39m[32mMapped {/zones/:id, PATCH} route[39m[38;5;3m +2ms[39m
[32m[Nest] 12204  - [39m03/17/2026, 1:18:56 PM [32m    LOG[39m [38;5;3m[RoutesResolver] [39m[32mNdrReasonsController {/ndr-reasons}:[39m[38;5;3m +0ms[39m
[32m[Nest] 12204  - [39m03/17/2026, 1:18:56 PM [32m    LOG[39m [38;5;3m[RouterExplorer] [39m[32mMapped {/ndr-reasons, GET} route[39m[38;5;3m +2ms[39m
[32m[Nest] 12204  - [39m03/17/2026, 1:18:56 PM [32m    LOG[39m [38;5;3m[RouterExplorer] [39m[32mMapped {/ndr-reasons/:id, GET} route[39m[38;5;3m +1ms[39m
[32m[Nest] 12204  - [39m03/17/2026, 1:18:56 PM [32m    LOG[39m [38;5;3m[RouterExplorer] [39m[32mMapped {/ndr-reasons, POST} route[39m[38;5;3m +1ms[39m
[32m[Nest] 12204  - [39m03/17/2026, 1:18:56 PM [32m    LOG[39m [38;5;3m[RouterExplorer] [39m[32mMapped {/ndr-reasons/:id, PATCH} route[39m[38;5;3m +1ms[39m
[32m[Nest] 12204  - [39m03/17/2026, 1:18:56 PM [32m    LOG[39m [38;5;3m[RoutesResolver] [39m[32mConfigsController {/configs}:[39m[38;5;3m +2ms[39m
[32m[Nest] 12204  - [39m03/17/2026, 1:18:56 PM [32m    LOG[39m [38;5;3m[RouterExplorer] [39m[32mMapped {/configs, GET} route[39m[38;5;3m +1ms[39m
[32m[Nest] 12204  - [39m03/17/2026, 1:18:56 PM [32m    LOG[39m [38;5;3m[RouterExplorer] [39m[32mMapped {/configs/:id, GET} route[39m[38;5;3m +3ms[39m
[32m[Nest] 12204  - [39m03/17/2026, 1:18:56 PM [32m    LOG[39m [38;5;3m[RouterExplorer] [39m[32mMapped {/configs, POST} route[39m[38;5;3m +1ms[39m
[32m[Nest] 12204  - [39m03/17/2026, 1:18:56 PM [32m    LOG[39m [38;5;3m[RouterExplorer] [39m[32mMapped {/configs/:id, PATCH} route[39m[38;5;3m +1ms[39m
[32m[Nest] 12204  - [39m03/17/2026, 1:18:56 PM [32m    LOG[39m [38;5;3m[RoutesResolver] [39m[32mHealthController {/health}:[39m[38;5;3m +1ms[39m
[32m[Nest] 12204  - [39m03/17/2026, 1:18:56 PM [32m    LOG[39m [38;5;3m[RouterExplorer] [39m[32mMapped {/health, GET} route[39m[38;5;3m +0ms[39m
[32m[Nest] 12204  - [39m03/17/2026, 1:19:02 PM [32m    LOG[39m [38;5;3m[NestApplication] [39m[32mNest application successfully started[39m[38;5;3m +5768ms[39m
