
> @jms/pickup-service@0.1.0 start:dev
> npm run db:prepare && ts-node src/main.ts


> @jms/pickup-service@0.1.0 db:prepare
> prisma generate --schema prisma/schema.prisma && prisma db push --schema prisma/schema.prisma && ts-node prisma/seed.ts

Prisma schema loaded from prisma\schema.prisma

✔ Generated Prisma Client (v6.19.2) to .\node_modules\@prisma\client in 2.71s

Start by importing your Prisma Client (See: https://pris.ly/d/importing-client)

Tip: Want to turn off tips and other hints? https://pris.ly/tip-4-nohints

Prisma schema loaded from prisma\schema.prisma
Datasource "db": PostgreSQL database "pickup_db", schema "public" at "localhost:15435"

The database is already in sync with the Prisma schema.

Running generate... (Use --skip-generate to skip the generators)
[2K[1A[2K[GRunning generate... - Prisma Client
[2K[1A[2K[G✔ Generated Prisma Client (v6.19.2) to .\node_modules\@prisma\client in 1.75s

pickup-service seed completed
[32m[Nest] 6204  - [39m03/17/2026, 11:06:57 PM [32m    LOG[39m [38;5;3m[NestFactory] [39m[32mStarting Nest application...[39m
[32m[Nest] 6204  - [39m03/17/2026, 11:06:58 PM [32m    LOG[39m [38;5;3m[InstanceLoader] [39m[32mHealthModule dependencies initialized[39m[38;5;3m +1817ms[39m
[32m[Nest] 6204  - [39m03/17/2026, 11:06:58 PM [32m    LOG[39m [38;5;3m[InstanceLoader] [39m[32mAppModule dependencies initialized[39m[38;5;3m +2ms[39m
[32m[Nest] 6204  - [39m03/17/2026, 11:06:58 PM [32m    LOG[39m [38;5;3m[RoutesResolver] [39m[32mPickupsController {/pickups}:[39m[38;5;3m +16ms[39m
[32m[Nest] 6204  - [39m03/17/2026, 11:06:58 PM [32m    LOG[39m [38;5;3m[RouterExplorer] [39m[32mMapped {/pickups, GET} route[39m[38;5;3m +8ms[39m
[32m[Nest] 6204  - [39m03/17/2026, 11:06:58 PM [32m    LOG[39m [38;5;3m[RouterExplorer] [39m[32mMapped {/pickups/:id, GET} route[39m[38;5;3m +3ms[39m
[32m[Nest] 6204  - [39m03/17/2026, 11:06:58 PM [32m    LOG[39m [38;5;3m[RouterExplorer] [39m[32mMapped {/pickups, POST} route[39m[38;5;3m +1ms[39m
[32m[Nest] 6204  - [39m03/17/2026, 11:06:58 PM [32m    LOG[39m [38;5;3m[RouterExplorer] [39m[32mMapped {/pickups/:id, PATCH} route[39m[38;5;3m +2ms[39m
[32m[Nest] 6204  - [39m03/17/2026, 11:06:58 PM [32m    LOG[39m [38;5;3m[RouterExplorer] [39m[32mMapped {/pickups/:id/cancel, POST} route[39m[38;5;3m +2ms[39m
[32m[Nest] 6204  - [39m03/17/2026, 11:06:58 PM [32m    LOG[39m [38;5;3m[RouterExplorer] [39m[32mMapped {/pickups/:id/approve, POST} route[39m[38;5;3m +1ms[39m
[32m[Nest] 6204  - [39m03/17/2026, 11:06:58 PM [32m    LOG[39m [38;5;3m[RouterExplorer] [39m[32mMapped {/pickups/:id/complete, POST} route[39m[38;5;3m +2ms[39m
[32m[Nest] 6204  - [39m03/17/2026, 11:06:58 PM [32m    LOG[39m [38;5;3m[RoutesResolver] [39m[32mHealthController {/health}:[39m[38;5;3m +1ms[39m
[32m[Nest] 6204  - [39m03/17/2026, 11:06:58 PM [32m    LOG[39m [38;5;3m[RouterExplorer] [39m[32mMapped {/health, GET} route[39m[38;5;3m +1ms[39m
[32m[Nest] 6204  - [39m03/17/2026, 11:07:03 PM [32m    LOG[39m [38;5;3m[PickupOutboxRelayService] [39m[32mOutbox relay connected to exchange "domain.events" (batch=50).[39m
[32m[Nest] 6204  - [39m03/17/2026, 11:07:04 PM [32m    LOG[39m [38;5;3m[NestApplication] [39m[32mNest application successfully started[39m[38;5;3m +1153ms[39m
