
> @jms/shipment-service@0.1.0 start:dev
> npm run db:prepare && ts-node src/main.ts


> @jms/shipment-service@0.1.0 db:prepare
> prisma generate --schema prisma/schema.prisma && prisma db push --schema prisma/schema.prisma && ts-node prisma/seed.ts

Prisma schema loaded from prisma\schema.prisma

✔ Generated Prisma Client (v6.19.2) to .\node_modules\@prisma\client in 808ms

Start by importing your Prisma Client (See: https://pris.ly/d/importing-client)

Tip: Want to turn off tips and other hints? https://pris.ly/tip-4-nohints

Prisma schema loaded from prisma\schema.prisma
Datasource "db": PostgreSQL database "shipment_db", schema "public" at "localhost:15434"

The database is already in sync with the Prisma schema.

Running generate... (Use --skip-generate to skip the generators)
[2K[1A[2K[GRunning generate... - Prisma Client
[2K[1A[2K[G✔ Generated Prisma Client (v6.19.2) to .\node_modules\@prisma\client in 239ms

shipment-service seed completed
[32m[Nest] 2652  - [39m03/17/2026, 11:41:06 PM [32m    LOG[39m [38;5;3m[NestFactory] [39m[32mStarting Nest application...[39m
[32m[Nest] 2652  - [39m03/17/2026, 11:41:06 PM [32m    LOG[39m [38;5;3m[InstanceLoader] [39m[32mHealthModule dependencies initialized[39m[38;5;3m +35ms[39m
[32m[Nest] 2652  - [39m03/17/2026, 11:41:06 PM [32m    LOG[39m [38;5;3m[InstanceLoader] [39m[32mAppModule dependencies initialized[39m[38;5;3m +1ms[39m
[32m[Nest] 2652  - [39m03/17/2026, 11:41:06 PM [32m    LOG[39m [38;5;3m[RoutesResolver] [39m[32mShipmentController {/shipments}:[39m[38;5;3m +10ms[39m
[32m[Nest] 2652  - [39m03/17/2026, 11:41:06 PM [32m    LOG[39m [38;5;3m[RouterExplorer] [39m[32mMapped {/shipments, GET} route[39m[38;5;3m +5ms[39m
[32m[Nest] 2652  - [39m03/17/2026, 11:41:06 PM [32m    LOG[39m [38;5;3m[RouterExplorer] [39m[32mMapped {/shipments/:code, GET} route[39m[38;5;3m +1ms[39m
[32m[Nest] 2652  - [39m03/17/2026, 11:41:06 PM [32m    LOG[39m [38;5;3m[RouterExplorer] [39m[32mMapped {/shipments, POST} route[39m[38;5;3m +1ms[39m
[32m[Nest] 2652  - [39m03/17/2026, 11:41:06 PM [32m    LOG[39m [38;5;3m[RouterExplorer] [39m[32mMapped {/shipments/:code, PATCH} route[39m[38;5;3m +1ms[39m
[32m[Nest] 2652  - [39m03/17/2026, 11:41:06 PM [32m    LOG[39m [38;5;3m[RouterExplorer] [39m[32mMapped {/shipments/:code/cancel, POST} route[39m[38;5;3m +0ms[39m
[32m[Nest] 2652  - [39m03/17/2026, 11:41:06 PM [32m    LOG[39m [38;5;3m[RoutesResolver] [39m[32mChangeRequestController {/change-requests}:[39m[38;5;3m +0ms[39m
[32m[Nest] 2652  - [39m03/17/2026, 11:41:06 PM [32m    LOG[39m [38;5;3m[RouterExplorer] [39m[32mMapped {/change-requests, GET} route[39m[38;5;3m +1ms[39m
[32m[Nest] 2652  - [39m03/17/2026, 11:41:06 PM [32m    LOG[39m [38;5;3m[RouterExplorer] [39m[32mMapped {/change-requests/:id, GET} route[39m[38;5;3m +1ms[39m
[32m[Nest] 2652  - [39m03/17/2026, 11:41:06 PM [32m    LOG[39m [38;5;3m[RouterExplorer] [39m[32mMapped {/change-requests, POST} route[39m[38;5;3m +1ms[39m
[32m[Nest] 2652  - [39m03/17/2026, 11:41:06 PM [32m    LOG[39m [38;5;3m[RouterExplorer] [39m[32mMapped {/change-requests/:id/approve, PATCH} route[39m[38;5;3m +1ms[39m
[32m[Nest] 2652  - [39m03/17/2026, 11:41:06 PM [32m    LOG[39m [38;5;3m[RoutesResolver] [39m[32mHealthController {/health}:[39m[38;5;3m +0ms[39m
[32m[Nest] 2652  - [39m03/17/2026, 11:41:06 PM [32m    LOG[39m [38;5;3m[RouterExplorer] [39m[32mMapped {/health, GET} route[39m[38;5;3m +1ms[39m
[32m[Nest] 2652  - [39m03/17/2026, 11:41:06 PM [32m    LOG[39m [38;5;3m[ShipmentOutboxRelayService] [39m[32mOutbox relay connected to exchange "domain.events" (batch=50).[39m
[32m[Nest] 2652  - [39m03/17/2026, 11:41:08 PM [32m    LOG[39m [38;5;3m[ShipmentRabbitmqConsumerService] [39m[32mShipment consumer is listening queue "shipment-service.q".[39m
[32m[Nest] 2652  - [39m03/17/2026, 11:41:08 PM [32m    LOG[39m [38;5;3m[NestApplication] [39m[32mNest application successfully started[39m[38;5;3m +1ms[39m
[33m[Nest] 2652  - [39m03/17/2026, 11:49:56 PM [33m   WARN[39m [38;5;3m[ShipmentRabbitmqConsumerService] [39m[33mProject shipment event failed, moved to "shipment-service.retry.10s" (retry=0).[39m
[33m[Nest] 2652  - [39m03/17/2026, 11:50:06 PM [33m   WARN[39m [38;5;3m[ShipmentRabbitmqConsumerService] [39m[33mProject shipment event failed, moved to "shipment-service.retry.1m" (retry=1).[39m
[33m[Nest] 2652  - [39m03/17/2026, 11:51:06 PM [33m   WARN[39m [38;5;3m[ShipmentRabbitmqConsumerService] [39m[33mProject shipment event failed, moved to "shipment-service.dlq" (retry=2).[39m
