
> @jms/tracking-service@0.1.0 start:dev
> npm run db:prepare && ts-node src/main.ts


> @jms/tracking-service@0.1.0 db:prepare
> prisma generate --schema prisma/schema.prisma && prisma db push --schema prisma/schema.prisma && ts-node prisma/seed.ts

Prisma schema loaded from prisma\schema.prisma

✔ Generated Prisma Client (v6.19.2) to .\node_modules\@prisma\client in 2.03s

Start by importing your Prisma Client (See: https://pris.ly/d/importing-client)

Tip: Need your database queries to be 1000x faster? Accelerate offers you that and more: https://pris.ly/tip-2-accelerate

Prisma schema loaded from prisma\schema.prisma
Datasource "db": PostgreSQL database "tracking_db", schema "public" at "localhost:15440"

The database is already in sync with the Prisma schema.

Running generate... (Use --skip-generate to skip the generators)
[2K[1A[2K[GRunning generate... - Prisma Client
[2K[1A[2K[G✔ Generated Prisma Client (v6.19.2) to .\node_modules\@prisma\client in 2.09s

tracking-service seed completed
[32m[Nest] 20472  - [39m03/17/2026, 11:06:56 PM [32m    LOG[39m [38;5;3m[NestFactory] [39m[32mStarting Nest application...[39m
[32m[Nest] 20472  - [39m03/17/2026, 11:06:58 PM [32m    LOG[39m [38;5;3m[InstanceLoader] [39m[32mHealthModule dependencies initialized[39m[38;5;3m +1132ms[39m
[32m[Nest] 20472  - [39m03/17/2026, 11:06:58 PM [32m    LOG[39m [38;5;3m[InstanceLoader] [39m[32mAppModule dependencies initialized[39m[38;5;3m +2ms[39m
[32m[Nest] 20472  - [39m03/17/2026, 11:06:58 PM [32m    LOG[39m [38;5;3m[RoutesResolver] [39m[32mPublicTrackingController {/public/track}:[39m[38;5;3m +14ms[39m
[32m[Nest] 20472  - [39m03/17/2026, 11:06:58 PM [32m    LOG[39m [38;5;3m[RouterExplorer] [39m[32mMapped {/public/track/:shipmentCode, GET} route[39m[38;5;3m +6ms[39m
[32m[Nest] 20472  - [39m03/17/2026, 11:06:58 PM [32m    LOG[39m [38;5;3m[RoutesResolver] [39m[32mInternalTrackingController {/tracking}:[39m[38;5;3m +1ms[39m
[32m[Nest] 20472  - [39m03/17/2026, 11:06:58 PM [32m    LOG[39m [38;5;3m[RouterExplorer] [39m[32mMapped {/tracking/:shipmentCode/timeline, GET} route[39m[38;5;3m +1ms[39m
[32m[Nest] 20472  - [39m03/17/2026, 11:06:58 PM [32m    LOG[39m [38;5;3m[RouterExplorer] [39m[32mMapped {/tracking/:shipmentCode/current, GET} route[39m[38;5;3m +3ms[39m
[32m[Nest] 20472  - [39m03/17/2026, 11:06:58 PM [32m    LOG[39m [38;5;3m[RoutesResolver] [39m[32mHealthController {/health}:[39m[38;5;3m +1ms[39m
[32m[Nest] 20472  - [39m03/17/2026, 11:06:58 PM [32m    LOG[39m [38;5;3m[RouterExplorer] [39m[32mMapped {/health, GET} route[39m[38;5;3m +1ms[39m
[32m[Nest] 20472  - [39m03/17/2026, 11:07:05 PM [32m    LOG[39m [38;5;3m[TrackingRabbitmqConsumerService] [39m[32mTracking consumer is listening queue "tracking-service.q".[39m
[32m[Nest] 20472  - [39m03/17/2026, 11:07:05 PM [32m    LOG[39m [38;5;3m[NestApplication] [39m[32mNest application successfully started[39m[38;5;3m +3ms[39m
